Determining if the Q_WS_WIN exist failed with the following output:
Change Dir: /home/space/Projects/lennardNet/build/CMakeFiles/CMakeTmp

Run Build Command:"/bin/gmake" "cmTryCompileExec1352315256/fast"
/bin/gmake -f CMakeFiles/cmTryCompileExec1352315256.dir/build.make CMakeFiles/cmTryCompileExec1352315256.dir/build
gmake[1]: Entering directory '/home/space/Projects/lennardNet/build/CMakeFiles/CMakeTmp'
/usr/bin/cmake -E cmake_progress_report /home/space/Projects/lennardNet/build/CMakeFiles/CMakeTmp/CMakeFiles 1
Building CXX object CMakeFiles/cmTryCompileExec1352315256.dir/CheckSymbolExists.cxx.o
/bin/c++     -o CMakeFiles/cmTryCompileExec1352315256.dir/CheckSymbolExists.cxx.o -c /home/space/Projects/lennardNet/build/CMakeFiles/CMakeTmp/CheckSymbolExists.cxx
/home/space/Projects/lennardNet/build/CMakeFiles/CMakeTmp/CheckSymbolExists.cxx: In function ‘int main(int, char**)’:
/home/space/Projects/lennardNet/build/CMakeFiles/CMakeTmp/CheckSymbolExists.cxx:8:19: error: ‘Q_WS_WIN’ was not declared in this scope
   return ((int*)(&Q_WS_WIN))[argc];
                   ^
CMakeFiles/cmTryCompileExec1352315256.dir/build.make:57: recipe for target 'CMakeFiles/cmTryCompileExec1352315256.dir/CheckSymbolExists.cxx.o' failed
gmake[1]: Leaving directory '/home/space/Projects/lennardNet/build/CMakeFiles/CMakeTmp'
gmake[1]: *** [CMakeFiles/cmTryCompileExec1352315256.dir/CheckSymbolExists.cxx.o] Error 1
Makefile:118: recipe for target 'cmTryCompileExec1352315256/fast' failed
gmake: *** [cmTryCompileExec1352315256/fast] Error 2

File /home/space/Projects/lennardNet/build/CMakeFiles/CMakeTmp/CheckSymbolExists.cxx:
/* */
#include <QtCore/qglobal.h>

int main(int argc, char** argv)
{
  (void)argv;
#ifndef Q_WS_WIN
  return ((int*)(&Q_WS_WIN))[argc];
#else
  (void)argc;
  return 0;
#endif
}

Determining if the Q_WS_QWS exist failed with the following output:
Change Dir: /home/space/Projects/lennardNet/build/CMakeFiles/CMakeTmp

Run Build Command:"/bin/gmake" "cmTryCompileExec2232519678/fast"
/bin/gmake -f CMakeFiles/cmTryCompileExec2232519678.dir/build.make CMakeFiles/cmTryCompileExec2232519678.dir/build
gmake[1]: Entering directory '/home/space/Projects/lennardNet/build/CMakeFiles/CMakeTmp'
/usr/bin/cmake -E cmake_progress_report /home/space/Projects/lennardNet/build/CMakeFiles/CMakeTmp/CMakeFiles 1
Building CXX object CMakeFiles/cmTryCompileExec2232519678.dir/CheckSymbolExists.cxx.o
/bin/c++     -o CMakeFiles/cmTryCompileExec2232519678.dir/CheckSymbolExists.cxx.o -c /home/space/Projects/lennardNet/build/CMakeFiles/CMakeTmp/CheckSymbolExists.cxx
/home/space/Projects/lennardNet/build/CMakeFiles/CMakeTmp/CheckSymbolExists.cxx: In function ‘int main(int, char**)’:
/home/space/Projects/lennardNet/build/CMakeFiles/CMakeTmp/CheckSymbolExists.cxx:8:19: error: ‘Q_WS_QWS’ was not declared in this scope
   return ((int*)(&Q_WS_QWS))[argc];
                   ^
CMakeFiles/cmTryCompileExec2232519678.dir/build.make:57: recipe for target 'CMakeFiles/cmTryCompileExec2232519678.dir/CheckSymbolExists.cxx.o' failed
gmake[1]: *** [CMakeFiles/cmTryCompileExec2232519678.dir/CheckSymbolExists.cxx.o] Error 1
gmake[1]: Leaving directory '/home/space/Projects/lennardNet/build/CMakeFiles/CMakeTmp'
Makefile:118: recipe for target 'cmTryCompileExec2232519678/fast' failed
gmake: *** [cmTryCompileExec2232519678/fast] Error 2

File /home/space/Projects/lennardNet/build/CMakeFiles/CMakeTmp/CheckSymbolExists.cxx:
/* */
#include <QtCore/qglobal.h>

int main(int argc, char** argv)
{
  (void)argv;
#ifndef Q_WS_QWS
  return ((int*)(&Q_WS_QWS))[argc];
#else
  (void)argc;
  return 0;
#endif
}

Determining if the Q_WS_MAC exist failed with the following output:
Change Dir: /home/space/Projects/lennardNet/build/CMakeFiles/CMakeTmp

Run Build Command:"/bin/gmake" "cmTryCompileExec2703203596/fast"
/bin/gmake -f CMakeFiles/cmTryCompileExec2703203596.dir/build.make CMakeFiles/cmTryCompileExec2703203596.dir/build
gmake[1]: Entering directory '/home/space/Projects/lennardNet/build/CMakeFiles/CMakeTmp'
/usr/bin/cmake -E cmake_progress_report /home/space/Projects/lennardNet/build/CMakeFiles/CMakeTmp/CMakeFiles 1
Building CXX object CMakeFiles/cmTryCompileExec2703203596.dir/CheckSymbolExists.cxx.o
/bin/c++     -o CMakeFiles/cmTryCompileExec2703203596.dir/CheckSymbolExists.cxx.o -c /home/space/Projects/lennardNet/build/CMakeFiles/CMakeTmp/CheckSymbolExists.cxx
/home/space/Projects/lennardNet/build/CMakeFiles/CMakeTmp/CheckSymbolExists.cxx: In function ‘int main(int, char**)’:
/home/space/Projects/lennardNet/build/CMakeFiles/CMakeTmp/CheckSymbolExists.cxx:8:19: error: ‘Q_WS_MAC’ was not declared in this scope
   return ((int*)(&Q_WS_MAC))[argc];
                   ^
CMakeFiles/cmTryCompileExec2703203596.dir/build.make:57: recipe for target 'CMakeFiles/cmTryCompileExec2703203596.dir/CheckSymbolExists.cxx.o' failed
gmake[1]: Leaving directory '/home/space/Projects/lennardNet/build/CMakeFiles/CMakeTmp'
gmake[1]: *** [CMakeFiles/cmTryCompileExec2703203596.dir/CheckSymbolExists.cxx.o] Error 1
Makefile:118: recipe for target 'cmTryCompileExec2703203596/fast' failed
gmake: *** [cmTryCompileExec2703203596/fast] Error 2

File /home/space/Projects/lennardNet/build/CMakeFiles/CMakeTmp/CheckSymbolExists.cxx:
/* */
#include <QtCore/qglobal.h>

int main(int argc, char** argv)
{
  (void)argv;
#ifndef Q_WS_MAC
  return ((int*)(&Q_WS_MAC))[argc];
#else
  (void)argc;
  return 0;
#endif
}

